<?xml version="1.0" encoding="UTF-8"?>
<!-- Generated by org.testng.reporters.JUnitReportReporter -->
<testsuite hostname="ASHU" failures="0" tests="2" name="com.sdet.AppTest" time="0.036" errors="0" timestamp="2023-06-15T12:10:21 IST" skipped="0">
  <testcase classname="com.sdet.AppTest" name="TestLogin2" time="0.002"/>
  <testcase classname="com.sdet.AppTest" name="TestLogin1" time="0.034"/>
</testsuite> <!-- com.sdet.AppTest -->
